<?xml version="1.0" encoding="UTF-8"?>
<testsuite name="se.callista.microservices.composite.product.ProductCompositeServiceApplicationTests" tests="1" skipped="0" failures="0" errors="0" timestamp="2015-10-31T06:28:01" hostname="EdBayudansMini.home" time="0.007">
  <properties/>
  <testcase name="contextLoads" classname="se.callista.microservices.composite.product.ProductCompositeServiceApplicationTests" time="0.007"/>
  <system-out><![CDATA[02:27:48.613 [Test worker] DEBUG o.s.t.c.j.SpringJUnit4ClassRunner - SpringJUnit4ClassRunner constructor called with [class se.callista.microservices.composite.product.ProductCompositeServiceApplicationTests].
02:27:48.630 [Test worker] DEBUG o.s.test.context.BootstrapUtils - Instantiating TestContextBootstrapper from class [org.springframework.test.context.web.WebTestContextBootstrapper]
02:27:48.663 [Test worker] DEBUG o.s.t.c.w.WebTestContextBootstrapper - Found explicit ContextLoader class [org.springframework.boot.test.SpringApplicationContextLoader] for context configuration attributes [ContextConfigurationAttributes@97639b4 declaringClass = 'se.callista.microservices.composite.product.ProductCompositeServiceApplicationTests', classes = '{class se.callista.microservices.composite.product.ProductCompositeServiceApplication}', locations = '{}', inheritLocations = true, initializers = '{}', inheritInitializers = true, name = [null], contextLoaderClass = 'org.springframework.boot.test.SpringApplicationContextLoader']
02:27:48.674 [Test worker] DEBUG o.s.t.c.support.ActiveProfilesUtils - Could not find an 'annotation declaring class' for annotation type [org.springframework.test.context.ActiveProfiles] and class [se.callista.microservices.composite.product.ProductCompositeServiceApplicationTests]
02:27:48.683 [Test worker] DEBUG o.s.t.c.w.WebTestContextBootstrapper - @TestExecutionListeners is not present for class [se.callista.microservices.composite.product.ProductCompositeServiceApplicationTests]: using defaults.
02:27:48.702 [Test worker] INFO  o.s.t.c.w.WebTestContextBootstrapper - Loaded default TestExecutionListener class names from location [META-INF/spring.factories]: [org.springframework.test.context.web.ServletTestExecutionListener, org.springframework.test.context.support.DependencyInjectionTestExecutionListener, org.springframework.test.context.support.DirtiesContextTestExecutionListener, org.springframework.test.context.transaction.TransactionalTestExecutionListener, org.springframework.test.context.jdbc.SqlScriptsTestExecutionListener]
02:27:48.754 [Test worker] INFO  o.s.t.c.w.WebTestContextBootstrapper - Using TestExecutionListeners: [org.springframework.test.context.web.ServletTestExecutionListener@6534d9d5, org.springframework.test.context.support.DependencyInjectionTestExecutionListener@8529952, org.springframework.test.context.support.DirtiesContextTestExecutionListener@6d10cc06, org.springframework.test.context.transaction.TransactionalTestExecutionListener@a7382b6, org.springframework.test.context.jdbc.SqlScriptsTestExecutionListener@494a185c]
02:27:48.760 [Test worker] DEBUG o.s.t.annotation.ProfileValueUtils - Retrieved @ProfileValueSourceConfiguration [null] for test class [se.callista.microservices.composite.product.ProductCompositeServiceApplicationTests]
02:27:48.762 [Test worker] DEBUG o.s.t.annotation.ProfileValueUtils - Retrieved ProfileValueSource type [class org.springframework.test.annotation.SystemProfileValueSource] for class [se.callista.microservices.composite.product.ProductCompositeServiceApplicationTests]
02:27:48.769 [Test worker] DEBUG o.s.t.annotation.ProfileValueUtils - Retrieved @ProfileValueSourceConfiguration [null] for test class [se.callista.microservices.composite.product.ProductCompositeServiceApplicationTests]
02:27:48.770 [Test worker] DEBUG o.s.t.annotation.ProfileValueUtils - Retrieved ProfileValueSource type [class org.springframework.test.annotation.SystemProfileValueSource] for class [se.callista.microservices.composite.product.ProductCompositeServiceApplicationTests]
02:27:48.772 [Test worker] DEBUG o.s.t.annotation.ProfileValueUtils - Retrieved @ProfileValueSourceConfiguration [null] for test class [se.callista.microservices.composite.product.ProductCompositeServiceApplicationTests]
02:27:48.775 [Test worker] DEBUG o.s.t.annotation.ProfileValueUtils - Retrieved ProfileValueSource type [class org.springframework.test.annotation.SystemProfileValueSource] for class [se.callista.microservices.composite.product.ProductCompositeServiceApplicationTests]
02:27:48.780 [Test worker] DEBUG o.s.t.annotation.ProfileValueUtils - Retrieved @ProfileValueSourceConfiguration [null] for test class [se.callista.microservices.composite.product.ProductCompositeServiceApplicationTests]
02:27:48.781 [Test worker] DEBUG o.s.t.annotation.ProfileValueUtils - Retrieved ProfileValueSource type [class org.springframework.test.annotation.SystemProfileValueSource] for class [se.callista.microservices.composite.product.ProductCompositeServiceApplicationTests]
02:27:48.929 [Test worker] DEBUG o.s.core.env.StandardEnvironment - Adding [systemProperties] PropertySource with lowest search precedence
02:27:48.935 [Test worker] DEBUG o.s.core.env.StandardEnvironment - Adding [systemEnvironment] PropertySource with lowest search precedence
02:27:48.937 [Test worker] DEBUG o.s.core.env.StandardEnvironment - Initialized StandardEnvironment with PropertySources [systemProperties,systemEnvironment]
02:27:48.941 [Test worker] DEBUG o.s.core.env.StandardEnvironment - Adding [integrationTest] PropertySource with search precedence immediately lower than [systemEnvironment]
2015-10-31 02:27:49.559  INFO 17229 --- [    Test worker] o.s.boot.SpringApplication               : Starting application on EdBayudansMini.home with PID 17229 (/Users/x049709/.m2/repository/org/springframework/boot/spring-boot/1.2.2.RELEASE/spring-boot-1.2.2.RELEASE.jar started by x049709 in /Users/x049709/blog-microservices/microservices/composite/product-composite-service)
2015-10-31 02:27:49.679  INFO 17229 --- [    Test worker] s.c.a.AnnotationConfigApplicationContext : Refreshing org.springframework.context.annotation.AnnotationConfigApplicationContext@306ba78: startup date [Sat Oct 31 02:27:49 EDT 2015]; root of context hierarchy
2015-10-31 02:27:49.972  INFO 17229 --- [    Test worker] f.a.AutowiredAnnotationBeanPostProcessor : JSR-330 'javax.inject.Inject' annotation found and supported for autowiring
2015-10-31 02:27:50.436  INFO 17229 --- [    Test worker] o.s.boot.SpringApplication               : Started application in 1.379 seconds (JVM running for 3.484)

  .   ____          _            __ _ _
 /\\ / ___'_ __ _ _(_)_ __  __ _ \ \ \ \
( ( )\___ | '_ | '_| | '_ \/ _` | \ \ \ \
 \\/  ___)| |_)| | | | | || (_| |  ) ) ) )
  '  |____| .__|_| |_|_| |_\__, | / / / /
 =========|_|==============|___/=/_/_/_/
 :: Spring Boot ::        (v1.2.2.RELEASE)

2015-10-31 02:27:51.260 ERROR 17229 --- [    Test worker] c.c.c.ConfigServicePropertySourceLocator : Could not locate PropertySource: I/O error on GET request for "http://localhost:8888/productcomposite/default/master":Connection refused; nested exception is java.net.ConnectException: Connection refused
2015-10-31 02:27:51.279  INFO 17229 --- [    Test worker] o.s.w.c.s.GenericWebApplicationContext   : Refreshing org.springframework.web.context.support.GenericWebApplicationContext@1d1c9cc4: startup date [Sat Oct 31 02:27:51 EDT 2015]; parent: org.springframework.context.annotation.AnnotationConfigApplicationContext@306ba78
2015-10-31 02:27:52.799  INFO 17229 --- [    Test worker] o.s.b.f.s.DefaultListableBeanFactory     : Overriding bean definition for bean 'beanNameViewResolver': replacing [Root bean: class [null]; scope=; abstract=false; lazyInit=false; autowireMode=3; dependencyCheck=0; autowireCandidate=true; primary=false; factoryBeanName=org.springframework.boot.autoconfigure.web.ErrorMvcAutoConfiguration$WhitelabelErrorViewConfiguration; factoryMethodName=beanNameViewResolver; initMethodName=null; destroyMethodName=(inferred); defined in class path resource [org/springframework/boot/autoconfigure/web/ErrorMvcAutoConfiguration$WhitelabelErrorViewConfiguration.class]] with [Root bean: class [null]; scope=; abstract=false; lazyInit=false; autowireMode=3; dependencyCheck=0; autowireCandidate=true; primary=false; factoryBeanName=org.springframework.boot.autoconfigure.web.WebMvcAutoConfiguration$WebMvcAutoConfigurationAdapter; factoryMethodName=beanNameViewResolver; initMethodName=null; destroyMethodName=(inferred); defined in class path resource [org/springframework/boot/autoconfigure/web/WebMvcAutoConfiguration$WebMvcAutoConfigurationAdapter.class]]
2015-10-31 02:27:52.972  INFO 17229 --- [    Test worker] o.s.b.f.config.PropertiesFactoryBean     : Loading properties file from URL [jar:file:/Users/x049709/.m2/repository/org/springframework/integration/spring-integration-core/4.1.2.RELEASE/spring-integration-core-4.1.2.RELEASE.jar!/META-INF/spring.integration.default.properties]
2015-10-31 02:27:52.979  INFO 17229 --- [    Test worker] o.s.i.config.IntegrationRegistrar        : No bean named 'integrationHeaderChannelRegistry' has been explicitly defined. Therefore, a default DefaultHeaderChannelRegistry will be created.
2015-10-31 02:27:53.023  INFO 17229 --- [    Test worker] o.s.b.f.s.DefaultListableBeanFactory     : Overriding bean definition for bean 'infoEndpoint': replacing [Root bean: class [null]; scope=; abstract=false; lazyInit=false; autowireMode=3; dependencyCheck=0; autowireCandidate=true; primary=false; factoryBeanName=org.springframework.boot.actuate.autoconfigure.EndpointAutoConfiguration; factoryMethodName=infoEndpoint; initMethodName=null; destroyMethodName=(inferred); defined in class path resource [org/springframework/boot/actuate/autoconfigure/EndpointAutoConfiguration.class]] with [Root bean: class [null]; scope=; abstract=false; lazyInit=false; autowireMode=3; dependencyCheck=0; autowireCandidate=true; primary=false; factoryBeanName=org.springframework.cloud.autoconfigure.RefreshAutoConfiguration$InfoEndpointRebinderConfiguration; factoryMethodName=infoEndpoint; initMethodName=null; destroyMethodName=(inferred); defined in class path resource [org/springframework/cloud/autoconfigure/RefreshAutoConfiguration$InfoEndpointRebinderConfiguration.class]]
2015-10-31 02:27:53.133  INFO 17229 --- [    Test worker] o.s.b.f.s.DefaultListableBeanFactory     : Overriding bean definition for bean 'default.null.RibbonClientSpecification': replacing [Generic bean: class [org.springframework.cloud.netflix.ribbon.RibbonClientSpecification]; scope=; abstract=false; lazyInit=false; autowireMode=0; dependencyCheck=0; autowireCandidate=true; primary=false; factoryBeanName=null; factoryMethodName=null; initMethodName=null; destroyMethodName=null] with [Generic bean: class [org.springframework.cloud.netflix.ribbon.RibbonClientSpecification]; scope=; abstract=false; lazyInit=false; autowireMode=0; dependencyCheck=0; autowireCandidate=true; primary=false; factoryBeanName=null; factoryMethodName=null; initMethodName=null; destroyMethodName=null]
2015-10-31 02:27:53.556  INFO 17229 --- [    Test worker] faultConfiguringBeanFactoryPostProcessor : No bean named 'errorChannel' has been explicitly defined. Therefore, a default PublishSubscribeChannel will be created.
2015-10-31 02:27:53.561  INFO 17229 --- [    Test worker] faultConfiguringBeanFactoryPostProcessor : No bean named 'taskScheduler' has been explicitly defined. Therefore, a default ThreadPoolTaskScheduler will be created.
2015-10-31 02:27:53.571  INFO 17229 --- [    Test worker] o.s.cloud.context.scope.GenericScope     : BeanFactory id=82d18c64-23b5-3655-a8db-c69979972921
2015-10-31 02:27:53.585  INFO 17229 --- [    Test worker] f.a.AutowiredAnnotationBeanPostProcessor : JSR-330 'javax.inject.Inject' annotation found and supported for autowiring
2015-10-31 02:27:53.618  INFO 17229 --- [    Test worker] trationDelegate$BeanPostProcessorChecker : Bean 'org.springframework.amqp.rabbit.annotation.RabbitBootstrapConfiguration' of type [class org.springframework.amqp.rabbit.annotation.RabbitBootstrapConfiguration$$EnhancerBySpringCGLIB$$4018a2ae] is not eligible for getting processed by all BeanPostProcessors (for example: not eligible for auto-proxying)
2015-10-31 02:27:53.707  INFO 17229 --- [    Test worker] trationDelegate$BeanPostProcessorChecker : Bean 'org.springframework.scheduling.annotation.SchedulingConfiguration' of type [class org.springframework.scheduling.annotation.SchedulingConfiguration$$EnhancerBySpringCGLIB$$a706955b] is not eligible for getting processed by all BeanPostProcessors (for example: not eligible for auto-proxying)
2015-10-31 02:27:54.394  INFO 17229 --- [    Test worker] o.s.b.f.config.PropertiesFactoryBean     : Loading properties file from URL [jar:file:/Users/x049709/.m2/repository/org/springframework/integration/spring-integration-core/4.1.2.RELEASE/spring-integration-core-4.1.2.RELEASE.jar!/META-INF/spring.integration.default.properties]
2015-10-31 02:27:54.395  INFO 17229 --- [    Test worker] trationDelegate$BeanPostProcessorChecker : Bean 'integrationGlobalProperties' of type [class org.springframework.beans.factory.config.PropertiesFactoryBean] is not eligible for getting processed by all BeanPostProcessors (for example: not eligible for auto-proxying)
2015-10-31 02:27:54.407  INFO 17229 --- [    Test worker] trationDelegate$BeanPostProcessorChecker : Bean 'integrationGlobalProperties' of type [class java.util.Properties] is not eligible for getting processed by all BeanPostProcessors (for example: not eligible for auto-proxying)
2015-10-31 02:27:54.454  INFO 17229 --- [    Test worker] trationDelegate$BeanPostProcessorChecker : Bean 'messageBuilderFactory' of type [class org.springframework.integration.support.DefaultMessageBuilderFactory] is not eligible for getting processed by all BeanPostProcessors (for example: not eligible for auto-proxying)
2015-10-31 02:27:54.543  INFO 17229 --- [    Test worker] trationDelegate$BeanPostProcessorChecker : Bean '(inner bean)#559e8905' of type [class org.springframework.integration.channel.MessagePublishingErrorHandler] is not eligible for getting processed by all BeanPostProcessors (for example: not eligible for auto-proxying)
2015-10-31 02:27:54.562  INFO 17229 --- [    Test worker] o.s.s.c.ThreadPoolTaskScheduler          : Initializing ExecutorService  'taskScheduler'
2015-10-31 02:27:54.563  INFO 17229 --- [    Test worker] trationDelegate$BeanPostProcessorChecker : Bean 'taskScheduler' of type [class org.springframework.scheduling.concurrent.ThreadPoolTaskScheduler] is not eligible for getting processed by all BeanPostProcessors (for example: not eligible for auto-proxying)
2015-10-31 02:27:54.597  INFO 17229 --- [    Test worker] trationDelegate$BeanPostProcessorChecker : Bean 'integrationHeaderChannelRegistry' of type [class org.springframework.integration.channel.DefaultHeaderChannelRegistry] is not eligible for getting processed by all BeanPostProcessors (for example: not eligible for auto-proxying)
2015-10-31 02:27:54.682  INFO 17229 --- [    Test worker] trationDelegate$BeanPostProcessorChecker : Bean 'org.springframework.cloud.autoconfigure.RefreshAutoConfiguration$ConfigurationPropertiesRebinderConfiguration' of type [class org.springframework.cloud.autoconfigure.RefreshAutoConfiguration$ConfigurationPropertiesRebinderConfiguration$$EnhancerBySpringCGLIB$$27b3ff56] is not eligible for getting processed by all BeanPostProcessors (for example: not eligible for auto-proxying)
2015-10-31 02:27:55.030  INFO 17229 --- [    Test worker] o.s.s.concurrent.ThreadPoolTaskExecutor  : Initializing ExecutorService  'metricsExecutor'
2015-10-31 02:27:55.191  WARN 17229 --- [    Test worker] c.n.c.sources.URLConfigurationSource     : No URLs will be polled as dynamic configuration sources.
2015-10-31 02:27:55.197  INFO 17229 --- [    Test worker] c.n.c.sources.URLConfigurationSource     : To enable URLs as dynamic configuration sources, define System property archaius.configurationSource.additionalUrls or make config.properties available on classpath.
2015-10-31 02:27:55.213  INFO 17229 --- [    Test worker] c.netflix.config.DynamicPropertyFactory  : DynamicPropertyFactory is initialized with configuration sources: com.netflix.config.ConcurrentCompositeConfiguration@37b311ea
2015-10-31 02:27:57.897  INFO 17229 --- [    Test worker] s.w.s.m.m.a.RequestMappingHandlerAdapter : Looking for @ControllerAdvice: org.springframework.web.context.support.GenericWebApplicationContext@1d1c9cc4: startup date [Sat Oct 31 02:27:51 EDT 2015]; parent: org.springframework.context.annotation.AnnotationConfigApplicationContext@306ba78
2015-10-31 02:27:58.022  INFO 17229 --- [    Test worker] s.w.s.m.m.a.RequestMappingHandlerMapping : Mapped "{[/],methods=[],params=[],headers=[],consumes=[],produces=[],custom=[]}" onto public java.lang.String se.callista.microservices.composite.product.service.ProductCompositeService.getProduct()
2015-10-31 02:27:58.032  INFO 17229 --- [    Test worker] s.w.s.m.m.a.RequestMappingHandlerMapping : Mapped "{[/product/{productId}],methods=[],params=[],headers=[],consumes=[],produces=[],custom=[]}" onto public org.springframework.http.ResponseEntity<se.callista.microservices.composite.product.model.ProductAggregated> se.callista.microservices.composite.product.service.ProductCompositeService.getProduct(int)
2015-10-31 02:27:58.036  INFO 17229 --- [    Test worker] s.w.s.m.m.a.RequestMappingHandlerMapping : Mapped "{[/error],methods=[],params=[],headers=[],consumes=[],produces=[],custom=[]}" onto public org.springframework.http.ResponseEntity<java.util.Map<java.lang.String, java.lang.Object>> org.springframework.boot.autoconfigure.web.BasicErrorController.error(javax.servlet.http.HttpServletRequest)
2015-10-31 02:27:58.046  INFO 17229 --- [    Test worker] s.w.s.m.m.a.RequestMappingHandlerMapping : Mapped "{[/error],methods=[],params=[],headers=[],consumes=[],produces=[text/html],custom=[]}" onto public org.springframework.web.servlet.ModelAndView org.springframework.boot.autoconfigure.web.BasicErrorController.errorHtml(javax.servlet.http.HttpServletRequest)
2015-10-31 02:27:58.138  INFO 17229 --- [    Test worker] o.s.w.s.handler.SimpleUrlHandlerMapping  : Mapped URL path [/webjars/**] onto handler of type [class org.springframework.web.servlet.resource.ResourceHttpRequestHandler]
2015-10-31 02:27:58.139  INFO 17229 --- [    Test worker] o.s.w.s.handler.SimpleUrlHandlerMapping  : Mapped URL path [/**] onto handler of type [class org.springframework.web.servlet.resource.ResourceHttpRequestHandler]
2015-10-31 02:27:58.249  INFO 17229 --- [    Test worker] o.s.w.s.handler.SimpleUrlHandlerMapping  : Mapped URL path [/**/favicon.ico] onto handler of type [class org.springframework.web.servlet.resource.ResourceHttpRequestHandler]
2015-10-31 02:28:00.436  INFO 17229 --- [    Test worker] o.s.b.a.e.mvc.EndpointHandlerMapping     : Mapped "{[/env/{name:.*}],methods=[GET],params=[],headers=[],consumes=[],produces=[],custom=[]}" onto public java.lang.Object org.springframework.boot.actuate.endpoint.mvc.EnvironmentMvcEndpoint.value(java.lang.String)
2015-10-31 02:28:00.438  INFO 17229 --- [    Test worker] o.s.b.a.e.mvc.EndpointHandlerMapping     : Mapped "{[/env],methods=[GET],params=[],headers=[],consumes=[],produces=[],custom=[]}" onto public java.lang.Object org.springframework.boot.actuate.endpoint.mvc.EndpointMvcAdapter.invoke()
2015-10-31 02:28:00.439  INFO 17229 --- [    Test worker] o.s.b.a.e.mvc.EndpointHandlerMapping     : Mapped "{[/mappings],methods=[GET],params=[],headers=[],consumes=[],produces=[],custom=[]}" onto public java.lang.Object org.springframework.boot.actuate.endpoint.mvc.EndpointMvcAdapter.invoke()
2015-10-31 02:28:00.440  INFO 17229 --- [    Test worker] o.s.b.a.e.mvc.EndpointHandlerMapping     : Mapped "{[/archaius],methods=[GET],params=[],headers=[],consumes=[],produces=[],custom=[]}" onto public java.lang.Object org.springframework.boot.actuate.endpoint.mvc.EndpointMvcAdapter.invoke()
2015-10-31 02:28:00.441  INFO 17229 --- [    Test worker] o.s.b.a.e.mvc.EndpointHandlerMapping     : Mapped "{[/refresh],methods=[POST],params=[],headers=[],consumes=[],produces=[],custom=[]}" onto public java.lang.Object org.springframework.cloud.endpoint.GenericPostableMvcEndpoint.invoke()
2015-10-31 02:28:00.443  INFO 17229 --- [    Test worker] o.s.b.a.e.mvc.EndpointHandlerMapping     : Mapped "{[/restart],methods=[POST],params=[],headers=[],consumes=[],produces=[],custom=[]}" onto public java.lang.Object org.springframework.cloud.context.restart.RestartMvcEndpoint.invoke()
2015-10-31 02:28:00.445  INFO 17229 --- [    Test worker] o.s.b.a.e.mvc.EndpointHandlerMapping     : Mapped "{[/configprops],methods=[GET],params=[],headers=[],consumes=[],produces=[],custom=[]}" onto public java.lang.Object org.springframework.boot.actuate.endpoint.mvc.EndpointMvcAdapter.invoke()
2015-10-31 02:28:00.446  INFO 17229 --- [    Test worker] o.s.b.a.e.mvc.EndpointHandlerMapping     : Mapped "{[/resume],methods=[POST],params=[],headers=[],consumes=[],produces=[],custom=[]}" onto public java.lang.Object org.springframework.cloud.endpoint.GenericPostableMvcEndpoint.invoke()
2015-10-31 02:28:00.446  INFO 17229 --- [    Test worker] o.s.b.a.e.mvc.EndpointHandlerMapping     : Mapped "{[/trace],methods=[GET],params=[],headers=[],consumes=[],produces=[],custom=[]}" onto public java.lang.Object org.springframework.boot.actuate.endpoint.mvc.EndpointMvcAdapter.invoke()
2015-10-31 02:28:00.447  INFO 17229 --- [    Test worker] o.s.b.a.e.mvc.EndpointHandlerMapping     : Mapped "{[/bus/env],methods=[POST],params=[],headers=[],consumes=[],produces=[],custom=[]}" onto public void org.springframework.cloud.bus.endpoint.EnvironmentBusEndpoint.env(java.util.Map<java.lang.String, java.lang.String>,java.lang.String)
2015-10-31 02:28:00.449  INFO 17229 --- [    Test worker] o.s.b.a.e.mvc.EndpointHandlerMapping     : Mapped "{[/metrics/{name:.*}],methods=[GET],params=[],headers=[],consumes=[],produces=[],custom=[]}" onto public java.lang.Object org.springframework.boot.actuate.endpoint.mvc.MetricsMvcEndpoint.value(java.lang.String)
2015-10-31 02:28:00.450  INFO 17229 --- [    Test worker] o.s.b.a.e.mvc.EndpointHandlerMapping     : Mapped "{[/metrics],methods=[GET],params=[],headers=[],consumes=[],produces=[],custom=[]}" onto public java.lang.Object org.springframework.boot.actuate.endpoint.mvc.EndpointMvcAdapter.invoke()
2015-10-31 02:28:00.451  INFO 17229 --- [    Test worker] o.s.b.a.e.mvc.EndpointHandlerMapping     : Mapped "{[/pause],methods=[POST],params=[],headers=[],consumes=[],produces=[],custom=[]}" onto public java.lang.Object org.springframework.cloud.endpoint.GenericPostableMvcEndpoint.invoke()
2015-10-31 02:28:00.451  INFO 17229 --- [    Test worker] o.s.b.a.e.mvc.EndpointHandlerMapping     : Mapped "{[/autoconfig],methods=[GET],params=[],headers=[],consumes=[],produces=[],custom=[]}" onto public java.lang.Object org.springframework.boot.actuate.endpoint.mvc.EndpointMvcAdapter.invoke()
2015-10-31 02:28:00.452  INFO 17229 --- [    Test worker] o.s.b.a.e.mvc.EndpointHandlerMapping     : Mapped "{[/env],methods=[POST],params=[],headers=[],consumes=[],produces=[],custom=[]}" onto public java.lang.Object org.springframework.cloud.context.environment.EnvironmentManagerMvcEndpoint.value(java.util.Map<java.lang.String, java.lang.String>)
2015-10-31 02:28:00.456  INFO 17229 --- [    Test worker] o.s.b.a.e.mvc.EndpointHandlerMapping     : Mapped "{[/env/reset],methods=[POST],params=[],headers=[],consumes=[],produces=[],custom=[]}" onto public java.util.Map<java.lang.String, java.lang.Object> org.springframework.cloud.context.environment.EnvironmentManagerMvcEndpoint.reset()
2015-10-31 02:28:00.457  INFO 17229 --- [    Test worker] o.s.b.a.e.mvc.EndpointHandlerMapping     : Mapped "{[/hystrix.stream/**],methods=[],params=[],headers=[],consumes=[],produces=[],custom=[]}" onto public org.springframework.web.servlet.ModelAndView org.springframework.cloud.netflix.endpoint.ServletWrappingEndpoint.handle(javax.servlet.http.HttpServletRequest,javax.servlet.http.HttpServletResponse) throws java.lang.Exception
2015-10-31 02:28:00.465  INFO 17229 --- [    Test worker] o.s.b.a.e.mvc.EndpointHandlerMapping     : Mapped "{[/bus/refresh],methods=[POST],params=[],headers=[],consumes=[],produces=[],custom=[]}" onto public void org.springframework.cloud.bus.endpoint.RefreshBusEndpoint.refresh(java.lang.String)
2015-10-31 02:28:00.468  INFO 17229 --- [    Test worker] o.s.b.a.e.mvc.EndpointHandlerMapping     : Mapped "{[/health],methods=[],params=[],headers=[],consumes=[],produces=[],custom=[]}" onto public java.lang.Object org.springframework.boot.actuate.endpoint.mvc.HealthMvcEndpoint.invoke(java.security.Principal)
2015-10-31 02:28:00.470  INFO 17229 --- [    Test worker] o.s.b.a.e.mvc.EndpointHandlerMapping     : Mapped "{[/beans],methods=[GET],params=[],headers=[],consumes=[],produces=[],custom=[]}" onto public java.lang.Object org.springframework.boot.actuate.endpoint.mvc.EndpointMvcAdapter.invoke()
2015-10-31 02:28:00.471  INFO 17229 --- [    Test worker] o.s.b.a.e.mvc.EndpointHandlerMapping     : Mapped "{[/shutdown],methods=[POST],params=[],headers=[],consumes=[],produces=[],custom=[]}" onto public java.lang.Object org.springframework.boot.actuate.endpoint.mvc.ShutdownMvcEndpoint.invoke()
2015-10-31 02:28:00.473  INFO 17229 --- [    Test worker] o.s.b.a.e.mvc.EndpointHandlerMapping     : Mapped "{[/info],methods=[GET],params=[],headers=[],consumes=[],produces=[],custom=[]}" onto public java.lang.Object org.springframework.boot.actuate.endpoint.mvc.EndpointMvcAdapter.invoke()
2015-10-31 02:28:00.475  INFO 17229 --- [    Test worker] o.s.b.a.e.mvc.EndpointHandlerMapping     : Mapped "{[/dump],methods=[GET],params=[],headers=[],consumes=[],produces=[],custom=[]}" onto public java.lang.Object org.springframework.boot.actuate.endpoint.mvc.EndpointMvcAdapter.invoke()
2015-10-31 02:28:01.370  WARN 17229 --- [    Test worker] c.n.c.sources.URLConfigurationSource     : No URLs will be polled as dynamic configuration sources.
2015-10-31 02:28:01.370  INFO 17229 --- [    Test worker] c.n.c.sources.URLConfigurationSource     : To enable URLs as dynamic configuration sources, define System property archaius.configurationSource.additionalUrls or make config.properties available on classpath.
2015-10-31 02:28:01.481  INFO 17229 --- [    Test worker] ProxyFactoryBean$MethodInvocationGateway : started hystrixStreamChannel
2015-10-31 02:28:01.482  INFO 17229 --- [    Test worker] o.s.i.gateway.GatewayProxyFactoryBean    : started hystrixStreamChannel
2015-10-31 02:28:01.560  INFO 17229 --- [    Test worker] o.s.c.support.DefaultLifecycleProcessor  : Starting beans in phase -2147483648
2015-10-31 02:28:01.564  INFO 17229 --- [    Test worker] o.s.c.support.DefaultLifecycleProcessor  : Starting beans in phase 0
2015-10-31 02:28:01.565  INFO 17229 --- [    Test worker] o.s.i.endpoint.EventDrivenConsumer       : Adding {logging-channel-adapter:_org.springframework.integration.errorLogger} as a subscriber to the 'errorChannel' channel
2015-10-31 02:28:01.566  INFO 17229 --- [    Test worker] o.s.i.channel.PublishSubscribeChannel    : Channel 'productcomposite:-1.errorChannel' has 1 subscriber(s).
2015-10-31 02:28:01.567  INFO 17229 --- [    Test worker] o.s.i.endpoint.EventDrivenConsumer       : started _org.springframework.integration.errorLogger
2015-10-31 02:28:01.567  INFO 17229 --- [    Test worker] o.s.i.endpoint.EventDrivenConsumer       : Adding {filter} as a subscriber to the 'cloudBusOutboundFlow.channel#0' channel
2015-10-31 02:28:01.568  INFO 17229 --- [    Test worker] o.s.integration.channel.DirectChannel    : Channel 'productcomposite:-1.cloudBusOutboundFlow.channel#0' has 1 subscriber(s).
2015-10-31 02:28:01.568  INFO 17229 --- [    Test worker] o.s.i.endpoint.EventDrivenConsumer       : started org.springframework.integration.config.ConsumerEndpointFactoryBean#0
2015-10-31 02:28:01.570  INFO 17229 --- [    Test worker] o.s.i.endpoint.EventDrivenConsumer       : Adding {filter} as a subscriber to the 'cloudBusInboundChannel' channel
2015-10-31 02:28:01.571  INFO 17229 --- [    Test worker] o.s.integration.channel.DirectChannel    : Channel 'productcomposite:-1.cloudBusInboundChannel' has 1 subscriber(s).
2015-10-31 02:28:01.572  INFO 17229 --- [    Test worker] o.s.i.endpoint.EventDrivenConsumer       : started org.springframework.integration.config.ConsumerEndpointFactoryBean#1
2015-10-31 02:28:01.572  INFO 17229 --- [    Test worker] o.s.i.endpoint.EventDrivenConsumer       : Adding {message-handler} as a subscriber to the 'cloudBusInboundFlow.channel#0' channel
2015-10-31 02:28:01.573  INFO 17229 --- [    Test worker] o.s.integration.channel.DirectChannel    : Channel 'productcomposite:-1.cloudBusInboundFlow.channel#0' has 1 subscriber(s).
2015-10-31 02:28:01.573  INFO 17229 --- [    Test worker] o.s.i.endpoint.EventDrivenConsumer       : started org.springframework.integration.config.ConsumerEndpointFactoryBean#2
2015-10-31 02:28:01.574  INFO 17229 --- [    Test worker] o.s.i.endpoint.EventDrivenConsumer       : Adding {logging-channel-adapter} as a subscriber to the 'cloudBusWiretapChannel' channel
2015-10-31 02:28:01.574  INFO 17229 --- [    Test worker] o.s.integration.channel.DirectChannel    : Channel 'productcomposite:-1.cloudBusWiretapChannel' has 1 subscriber(s).
2015-10-31 02:28:01.574  INFO 17229 --- [    Test worker] o.s.i.endpoint.EventDrivenConsumer       : started org.springframework.integration.config.ConsumerEndpointFactoryBean#3
2015-10-31 02:28:01.574  INFO 17229 --- [    Test worker] o.s.i.endpoint.EventDrivenConsumer       : Adding {amqp:outbound-channel-adapter} as a subscriber to the 'cloudBusOutboundChannel' channel
2015-10-31 02:28:01.575  INFO 17229 --- [    Test worker] o.s.integration.channel.DirectChannel    : Channel 'productcomposite:-1.cloudBusOutboundChannel' has 1 subscriber(s).
2015-10-31 02:28:01.576  INFO 17229 --- [    Test worker] o.s.i.endpoint.EventDrivenConsumer       : started org.springframework.integration.config.ConsumerEndpointFactoryBean#4
2015-10-31 02:28:01.576  INFO 17229 --- [    Test worker] o.s.i.endpoint.EventDrivenConsumer       : Adding {bridge} as a subscriber to the 'cloudBusAmqpInboundFlow.channel#0' channel
2015-10-31 02:28:01.576  INFO 17229 --- [    Test worker] o.s.integration.channel.DirectChannel    : Channel 'productcomposite:-1.cloudBusAmqpInboundFlow.channel#0' has 1 subscriber(s).
2015-10-31 02:28:01.577  INFO 17229 --- [    Test worker] o.s.i.endpoint.EventDrivenConsumer       : started org.springframework.integration.config.ConsumerEndpointFactoryBean#5
2015-10-31 02:28:01.577  INFO 17229 --- [    Test worker] o.s.i.endpoint.EventDrivenConsumer       : Adding {amqp:outbound-channel-adapter} as a subscriber to the 'hystrixStream' channel
2015-10-31 02:28:01.577  INFO 17229 --- [    Test worker] o.s.integration.channel.DirectChannel    : Channel 'productcomposite:-1.hystrixStream' has 1 subscriber(s).
2015-10-31 02:28:01.578  INFO 17229 --- [    Test worker] o.s.i.endpoint.EventDrivenConsumer       : started org.springframework.integration.config.ConsumerEndpointFactoryBean#6
2015-10-31 02:28:01.578  INFO 17229 --- [    Test worker] o.s.c.support.DefaultLifecycleProcessor  : Starting beans in phase 1073741823
2015-10-31 02:28:01.579  INFO 17229 --- [    Test worker] ApplicationEventListeningMessageProducer : started org.springframework.integration.event.inbound.ApplicationEventListeningMessageProducer#0
2015-10-31 02:28:01.607  INFO 17229 --- [    Test worker] o.s.i.a.i.AmqpInboundChannelAdapter      : started org.springframework.integration.amqp.inbound.AmqpInboundChannelAdapter#0
2015-10-31 02:28:01.607  INFO 17229 --- [    Test worker] o.s.c.support.DefaultLifecycleProcessor  : Starting beans in phase 2147483647
2015-10-31 02:28:01.612  INFO 17229 --- [    Test worker] c.n.h.c.m.e.HystrixMetricsPoller         : Starting HystrixMetricsPoller
2015-10-31 02:28:01.640  INFO 17229 --- [    Test worker] ration$HystrixMetricsPollerConfiguration : Starting poller
2015-10-31 02:28:01.663  INFO 17229 --- [    Test worker] o.s.boot.SpringApplication               : Started application in 12.706 seconds (JVM running for 14.71)
]]></system-out>
  <system-err><![CDATA[]]></system-err>
</testsuite>
